2018-10-12 16:20:15.037  INFO 10228 --- [restartedMain] com.bbg.BhbiApplication                  : Starting BhbiApplication on H1N1-PC with PID 10228 (C:\lab\bhbi-lab\target\classes started by H1N1 in C:\lab\bhbi-lab)
2018-10-12 16:20:15.038  INFO 10228 --- [restartedMain] com.bbg.BhbiApplication                  : No active profile set, falling back to default profiles: default
2018-10-12 16:20:15.043  INFO 10228 --- [restartedMain] ConfigServletWebServerApplicationContext : Refreshing org.springframework.boot.web.servlet.context.AnnotationConfigServletWebServerApplicationContext@24a291c7: startup date [Fri Oct 12 16:20:15 CST 2018]; root of context hierarchy
2018-10-12 16:20:15.721  INFO 10228 --- [restartedMain] o.s.b.f.s.DefaultListableBeanFactory     : Overriding bean definition for bean 'druidStatViewServlet' with a different definition: replacing [Root bean: class [null]; scope=; abstract=false; lazyInit=false; autowireMode=3; dependencyCheck=0; autowireCandidate=true; primary=false; factoryBeanName=bhbiDruidConfiguration; factoryMethodName=druidStatViewServlet; initMethodName=null; destroyMethodName=(inferred); defined in class path resource [com/bbg/config/BhbiDruidConfiguration.class]] with [Root bean: class [null]; scope=; abstract=false; lazyInit=false; autowireMode=3; dependencyCheck=0; autowireCandidate=true; primary=false; factoryBeanName=mobileoaDruidConfiguration; factoryMethodName=druidStatViewServlet; initMethodName=null; destroyMethodName=(inferred); defined in class path resource [com/bbg/config/MobileoaDruidConfiguration.class]]
2018-10-12 16:20:15.723  INFO 10228 --- [restartedMain] o.s.b.f.s.DefaultListableBeanFactory     : Overriding bean definition for bean 'druidStatFilter' with a different definition: replacing [Root bean: class [null]; scope=; abstract=false; lazyInit=false; autowireMode=3; dependencyCheck=0; autowireCandidate=true; primary=false; factoryBeanName=bhbiDruidConfiguration; factoryMethodName=druidStatFilter; initMethodName=null; destroyMethodName=(inferred); defined in class path resource [com/bbg/config/BhbiDruidConfiguration.class]] with [Root bean: class [null]; scope=; abstract=false; lazyInit=false; autowireMode=3; dependencyCheck=0; autowireCandidate=true; primary=false; factoryBeanName=mobileoaDruidConfiguration; factoryMethodName=druidStatFilter; initMethodName=null; destroyMethodName=(inferred); defined in class path resource [com/bbg/config/MobileoaDruidConfiguration.class]]
2018-10-12 16:20:16.242  INFO 10228 --- [restartedMain] o.s.b.w.embedded.tomcat.TomcatWebServer  : Tomcat initialized with port(s): 8066 (http)
2018-10-12 16:20:16.245  INFO 10228 --- [restartedMain] o.apache.catalina.core.StandardService   : Starting service [Tomcat]
2018-10-12 16:20:16.247  INFO 10228 --- [restartedMain] org.apache.catalina.core.StandardEngine  : Starting Servlet Engine: Apache Tomcat/8.5.32
2018-10-12 16:20:16.523  INFO 10228 --- [localhost-startStop-1] o.a.c.c.C.[Tomcat].[localhost].[/]       : Initializing Spring embedded WebApplicationContext
2018-10-12 16:20:16.531  INFO 10228 --- [localhost-startStop-1] o.s.web.context.ContextLoader            : Root WebApplicationContext: initialization completed in 1488 ms
2018-10-12 16:20:16.610  INFO 10228 --- [localhost-startStop-1] o.s.b.w.servlet.ServletRegistrationBean  : Servlet statViewServlet mapped to [/druid/*]
2018-10-12 16:20:16.611  INFO 10228 --- [localhost-startStop-1] o.s.b.w.servlet.ServletRegistrationBean  : Servlet dispatcherServlet mapped to [/]
2018-10-12 16:20:16.612  INFO 10228 --- [localhost-startStop-1] o.s.b.w.servlet.FilterRegistrationBean   : Mapping filter: 'characterEncodingFilter' to: [/*]
2018-10-12 16:20:16.612  INFO 10228 --- [localhost-startStop-1] o.s.b.w.servlet.FilterRegistrationBean   : Mapping filter: 'hiddenHttpMethodFilter' to: [/*]
2018-10-12 16:20:16.612  INFO 10228 --- [localhost-startStop-1] o.s.b.w.servlet.FilterRegistrationBean   : Mapping filter: 'httpPutFormContentFilter' to: [/*]
2018-10-12 16:20:16.612  INFO 10228 --- [localhost-startStop-1] o.s.b.w.servlet.FilterRegistrationBean   : Mapping filter: 'requestContextFilter' to: [/*]
2018-10-12 16:20:16.613  INFO 10228 --- [localhost-startStop-1] o.s.b.w.servlet.FilterRegistrationBean   : Mapping filter: 'webStatFilter' to urls: [/*]
2018-10-12 16:20:16.875 ERROR 10228 --- [restartedMain] c.a.druid.pool.DruidAbstractDataSource   : oracle.jdbc.driver.OracleDriver is deprecated.
2018-10-12 16:20:17.082 ERROR 10228 --- [restartedMain] c.a.druid.pool.DruidAbstractDataSource   : oracle.jdbc.driver.OracleDriver is deprecated.
2018-10-12 16:20:17.192  INFO 10228 --- [restartedMain] o.s.w.s.handler.SimpleUrlHandlerMapping  : Mapped URL path [/**/favicon.ico] onto handler of type [class org.springframework.web.servlet.resource.ResourceHttpRequestHandler]
2018-10-12 16:20:17.302  INFO 10228 --- [restartedMain] s.w.s.m.m.a.RequestMappingHandlerAdapter : Looking for @ControllerAdvice: org.springframework.boot.web.servlet.context.AnnotationConfigServletWebServerApplicationContext@24a291c7: startup date [Fri Oct 12 16:20:15 CST 2018]; root of context hierarchy
2018-10-12 16:20:17.321  INFO 10228 --- [restartedMain] s.w.s.m.m.a.RequestMappingHandlerMapping : Mapped "{[/exportFloorKll]}" onto public void com.bbg.controller.FloorClientAction.exportClientTableTwo(javax.servlet.http.HttpServletRequest,javax.servlet.http.HttpServletResponse)
2018-10-12 16:20:17.322  INFO 10228 --- [restartedMain] s.w.s.m.m.a.RequestMappingHandlerMapping : Mapped "{[/toFloorKllPage]}" onto public java.lang.String com.bbg.controller.FloorClientAction.selectSaleAndClientTable(org.springframework.ui.ModelMap)
2018-10-12 16:20:17.322  INFO 10228 --- [restartedMain] s.w.s.m.m.a.RequestMappingHandlerMapping : Mapped "{[/ajaxGetFloorClient]}" onto public com.bbg.pojo.ResponseObj com.bbg.controller.FloorClientAction.ajaxGetFloorClient(com.bbg.pojo.FloorClientParam,javax.servlet.http.HttpServletRequest)
2018-10-12 16:20:17.324  INFO 10228 --- [restartedMain] s.w.s.m.m.a.RequestMappingHandlerMapping : Mapped "{[/export]}" onto public void com.bbg.controller.SaleAndClientAction.export(javax.servlet.http.HttpServletRequest,javax.servlet.http.HttpServletResponse)
2018-10-12 16:20:17.325  INFO 10228 --- [restartedMain] s.w.s.m.m.a.RequestMappingHandlerMapping : Mapped "{[/exportClientTableTwo]}" onto public void com.bbg.controller.SaleAndClientAction.exportClientTableTwo(javax.servlet.http.HttpServletRequest,javax.servlet.http.HttpServletResponse)
2018-10-12 16:20:17.326  INFO 10228 --- [restartedMain] s.w.s.m.m.a.RequestMappingHandlerMapping : Mapped "{[/selectSaleAndClientTable]}" onto public java.lang.String com.bbg.controller.SaleAndClientAction.selectSaleAndClientTable(org.springframework.ui.ModelMap)
2018-10-12 16:20:17.326  INFO 10228 --- [restartedMain] s.w.s.m.m.a.RequestMappingHandlerMapping : Mapped "{[/selectSaleAndClient]}" onto public java.lang.String com.bbg.controller.SaleAndClientAction.selectSaleAndClient(org.springframework.ui.ModelMap)
2018-10-12 16:20:17.328  INFO 10228 --- [restartedMain] s.w.s.m.m.a.RequestMappingHandlerMapping : Mapped "{[/selectSaleAndClientTableTwo]}" onto public java.lang.String com.bbg.controller.SaleAndClientAction.selectSaleAndClientTableTwo(org.springframework.ui.ModelMap,com.bbg.pojo.IndexWithConditionDTO)
2018-10-12 16:20:17.329  INFO 10228 --- [restartedMain] s.w.s.m.m.a.RequestMappingHandlerMapping : Mapped "{[/selectSaleAndClientEchart]}" onto public java.lang.String com.bbg.controller.SaleAndClientAction.selectSaleAndClientEchart(org.springframework.ui.ModelMap,com.bbg.pojo.IndexWithConditionDTO)
2018-10-12 16:20:17.330  INFO 10228 --- [restartedMain] s.w.s.m.m.a.RequestMappingHandlerMapping : Mapped "{[/ajaxSelectSaleAndClient]}" onto public com.bbg.pojo.ResponseObj com.bbg.controller.SaleAndClientAction.ajaxSelectSaleAndClient(javax.servlet.http.HttpServletRequest,com.bbg.pojo.SaleAndClientRequireParam)
2018-10-12 16:20:17.330  INFO 10228 --- [restartedMain] s.w.s.m.m.a.RequestMappingHandlerMapping : Mapped "{[/ajaxSelectSaleAndClientParse]}" onto public com.bbg.pojo.ResponseObj com.bbg.controller.SaleAndClientAction.ajaxSelectSaleAndClientParse(javax.servlet.http.HttpServletRequest,com.bbg.pojo.SaleAndClientRequireParam)
2018-10-12 16:20:17.331  INFO 10228 --- [restartedMain] s.w.s.m.m.a.RequestMappingHandlerMapping : Mapped "{[/exportClientTable]}" onto public void com.bbg.controller.SaleAndClientAction.exportClientTable(javax.servlet.http.HttpServletRequest,javax.servlet.http.HttpServletResponse)
2018-10-12 16:20:17.336  INFO 10228 --- [restartedMain] s.w.s.m.m.a.RequestMappingHandlerMapping : Mapped "{[/exportClientTableThree]}" onto public void com.bbg.controller.SaleAndClientAction.exportClientTableThree(javax.servlet.http.HttpServletRequest,javax.servlet.http.HttpServletResponse)
2018-10-12 16:20:17.337  INFO 10228 --- [restartedMain] s.w.s.m.m.a.RequestMappingHandlerMapping : Mapped "{[/ajaxSelectSaleAndClientIndexTbaleTwo]}" onto public com.bbg.pojo.ResponseObj com.bbg.controller.SaleAndClientAction.ajaxSelectSaleAndClientIndexTbaleTwo(javax.servlet.http.HttpServletRequest,com.bbg.pojo.SaleAndClientRequireParam)
2018-10-12 16:20:17.337  INFO 10228 --- [restartedMain] s.w.s.m.m.a.RequestMappingHandlerMapping : Mapped "{[/ajaxSelectSaleAndClientIndexTbale]}" onto public com.bbg.pojo.ResponseObj com.bbg.controller.SaleAndClientAction.ajaxSelectSaleAndClientIndexTbale(javax.servlet.http.HttpServletRequest,com.bbg.pojo.SaleAndClientRequireParam)
2018-10-12 16:20:17.342  INFO 10228 --- [restartedMain] s.w.s.m.m.a.RequestMappingHandlerMapping : Mapped "{[/error]}" onto public org.springframework.http.ResponseEntity<java.util.Map<java.lang.String, java.lang.Object>> org.springframework.boot.autoconfigure.web.servlet.error.BasicErrorController.error(javax.servlet.http.HttpServletRequest)
2018-10-12 16:20:17.343  INFO 10228 --- [restartedMain] s.w.s.m.m.a.RequestMappingHandlerMapping : Mapped "{[/error],produces=[text/html]}" onto public org.springframework.web.servlet.ModelAndView org.springframework.boot.autoconfigure.web.servlet.error.BasicErrorController.errorHtml(javax.servlet.http.HttpServletRequest,javax.servlet.http.HttpServletResponse)
2018-10-12 16:20:17.380  INFO 10228 --- [restartedMain] o.s.w.s.handler.SimpleUrlHandlerMapping  : Mapped URL path [/webjars/**] onto handler of type [class org.springframework.web.servlet.resource.ResourceHttpRequestHandler]
2018-10-12 16:20:17.381  INFO 10228 --- [restartedMain] o.s.w.s.handler.SimpleUrlHandlerMapping  : Mapped URL path [/**] onto handler of type [class org.springframework.web.servlet.resource.ResourceHttpRequestHandler]
2018-10-12 16:20:17.475  INFO 10228 --- [restartedMain] o.s.b.a.w.s.WelcomePageHandlerMapping    : Adding welcome page template: index
2018-10-12 16:20:17.712  INFO 10228 --- [restartedMain] o.s.b.d.a.OptionalLiveReloadServer       : LiveReload server is running on port 35729
2018-10-12 16:20:17.770  INFO 10228 --- [restartedMain] o.s.j.e.a.AnnotationMBeanExporter        : Registering beans for JMX exposure on startup
2018-10-12 16:20:17.771  INFO 10228 --- [restartedMain] o.s.j.e.a.AnnotationMBeanExporter        : Bean with name 'bhbiDataSource' has been autodetected for JMX exposure
2018-10-12 16:20:17.771  INFO 10228 --- [restartedMain] o.s.j.e.a.AnnotationMBeanExporter        : Bean with name 'mobileoaDataSource' has been autodetected for JMX exposure
2018-10-12 16:20:17.777  INFO 10228 --- [restartedMain] o.s.j.e.a.AnnotationMBeanExporter        : Located MBean 'bhbiDataSource': registering with JMX server as MBean [com.alibaba.druid.pool:name=bhbiDataSource,type=DruidDataSource]
2018-10-12 16:20:17.779  INFO 10228 --- [restartedMain] o.s.j.e.a.AnnotationMBeanExporter        : Located MBean 'mobileoaDataSource': registering with JMX server as MBean [com.alibaba.druid.pool:name=mobileoaDataSource,type=DruidDataSource]
2018-10-12 16:20:17.822  INFO 10228 --- [restartedMain] o.s.b.w.embedded.tomcat.TomcatWebServer  : Tomcat started on port(s): 8066 (http) with context path ''
2018-10-12 16:20:17.825  INFO 10228 --- [restartedMain] com.bbg.BhbiApplication                  : Started BhbiApplication in 3.049 seconds (JVM running for 10732.559)
2018-10-12 16:20:17.828  INFO 10228 --- [restartedMain] .ConditionEvaluationDeltaLoggingListener : Condition evaluation unchanged
2018-10-12 16:20:21.289  INFO 4628 --- [main] com.bbg.BhbiApplicationTests             : Starting BhbiApplicationTests on H1N1-PC with PID 4628 (started by H1N1 in C:\lab\bhbi-lab)
2018-10-12 16:20:21.294  INFO 4628 --- [main] com.bbg.BhbiApplicationTests             : No active profile set, falling back to default profiles: default
2018-10-12 16:20:21.383  INFO 4628 --- [main] o.s.w.c.s.GenericWebApplicationContext   : Refreshing org.springframework.web.context.support.GenericWebApplicationContext@663c9e7a: startup date [Fri Oct 12 16:20:21 CST 2018]; root of context hierarchy
2018-10-12 16:20:23.060  INFO 4628 --- [main] o.s.b.f.s.DefaultListableBeanFactory     : Overriding bean definition for bean 'druidStatViewServlet' with a different definition: replacing [Root bean: class [null]; scope=; abstract=false; lazyInit=false; autowireMode=3; dependencyCheck=0; autowireCandidate=true; primary=false; factoryBeanName=bhbiDruidConfiguration; factoryMethodName=druidStatViewServlet; initMethodName=null; destroyMethodName=(inferred); defined in class path resource [com/bbg/config/BhbiDruidConfiguration.class]] with [Root bean: class [null]; scope=; abstract=false; lazyInit=false; autowireMode=3; dependencyCheck=0; autowireCandidate=true; primary=false; factoryBeanName=mobileoaDruidConfiguration; factoryMethodName=druidStatViewServlet; initMethodName=null; destroyMethodName=(inferred); defined in class path resource [com/bbg/config/MobileoaDruidConfiguration.class]]
2018-10-12 16:20:23.061  INFO 4628 --- [main] o.s.b.f.s.DefaultListableBeanFactory     : Overriding bean definition for bean 'druidStatFilter' with a different definition: replacing [Root bean: class [null]; scope=; abstract=false; lazyInit=false; autowireMode=3; dependencyCheck=0; autowireCandidate=true; primary=false; factoryBeanName=bhbiDruidConfiguration; factoryMethodName=druidStatFilter; initMethodName=null; destroyMethodName=(inferred); defined in class path resource [com/bbg/config/BhbiDruidConfiguration.class]] with [Root bean: class [null]; scope=; abstract=false; lazyInit=false; autowireMode=3; dependencyCheck=0; autowireCandidate=true; primary=false; factoryBeanName=mobileoaDruidConfiguration; factoryMethodName=druidStatFilter; initMethodName=null; destroyMethodName=(inferred); defined in class path resource [com/bbg/config/MobileoaDruidConfiguration.class]]
2018-10-12 16:20:24.976 ERROR 4628 --- [main] c.a.druid.pool.DruidAbstractDataSource   : oracle.jdbc.driver.OracleDriver is deprecated.
2018-10-12 16:20:26.053 ERROR 4628 --- [main] c.a.druid.pool.DruidAbstractDataSource   : oracle.jdbc.driver.OracleDriver is deprecated.
2018-10-12 16:20:26.888  INFO 4628 --- [main] o.s.w.s.handler.SimpleUrlHandlerMapping  : Mapped URL path [/**/favicon.ico] onto handler of type [class org.springframework.web.servlet.resource.ResourceHttpRequestHandler]
2018-10-12 16:20:27.736  INFO 4628 --- [main] s.w.s.m.m.a.RequestMappingHandlerAdapter : Looking for @ControllerAdvice: org.springframework.web.context.support.GenericWebApplicationContext@663c9e7a: startup date [Fri Oct 12 16:20:21 CST 2018]; root of context hierarchy
2018-10-12 16:20:27.919  INFO 4628 --- [main] s.w.s.m.m.a.RequestMappingHandlerMapping : Mapped "{[/exportFloorKll]}" onto public void com.bbg.controller.FloorClientAction.exportClientTableTwo(javax.servlet.http.HttpServletRequest,javax.servlet.http.HttpServletResponse)
2018-10-12 16:20:27.921  INFO 4628 --- [main] s.w.s.m.m.a.RequestMappingHandlerMapping : Mapped "{[/toFloorKllPage]}" onto public java.lang.String com.bbg.controller.FloorClientAction.selectSaleAndClientTable(org.springframework.ui.ModelMap)
2018-10-12 16:20:27.925  INFO 4628 --- [main] s.w.s.m.m.a.RequestMappingHandlerMapping : Mapped "{[/ajaxGetFloorClient]}" onto public com.bbg.pojo.ResponseObj com.bbg.controller.FloorClientAction.ajaxGetFloorClient(com.bbg.pojo.FloorClientParam,javax.servlet.http.HttpServletRequest)
2018-10-12 16:20:27.930  INFO 4628 --- [main] s.w.s.m.m.a.RequestMappingHandlerMapping : Mapped "{[/export]}" onto public void com.bbg.controller.SaleAndClientAction.export(javax.servlet.http.HttpServletRequest,javax.servlet.http.HttpServletResponse)
2018-10-12 16:20:27.932  INFO 4628 --- [main] s.w.s.m.m.a.RequestMappingHandlerMapping : Mapped "{[/exportClientTableTwo]}" onto public void com.bbg.controller.SaleAndClientAction.exportClientTableTwo(javax.servlet.http.HttpServletRequest,javax.servlet.http.HttpServletResponse)
2018-10-12 16:20:27.933  INFO 4628 --- [main] s.w.s.m.m.a.RequestMappingHandlerMapping : Mapped "{[/selectSaleAndClientTable]}" onto public java.lang.String com.bbg.controller.SaleAndClientAction.selectSaleAndClientTable(org.springframework.ui.ModelMap)
2018-10-12 16:20:27.948  INFO 4628 --- [main] s.w.s.m.m.a.RequestMappingHandlerMapping : Mapped "{[/selectSaleAndClient]}" onto public java.lang.String com.bbg.controller.SaleAndClientAction.selectSaleAndClient(org.springframework.ui.ModelMap)
2018-10-12 16:20:27.950  INFO 4628 --- [main] s.w.s.m.m.a.RequestMappingHandlerMapping : Mapped "{[/selectSaleAndClientTableTwo]}" onto public java.lang.String com.bbg.controller.SaleAndClientAction.selectSaleAndClientTableTwo(org.springframework.ui.ModelMap,com.bbg.pojo.IndexWithConditionDTO)
2018-10-12 16:20:27.950  INFO 4628 --- [main] s.w.s.m.m.a.RequestMappingHandlerMapping : Mapped "{[/selectSaleAndClientEchart]}" onto public java.lang.String com.bbg.controller.SaleAndClientAction.selectSaleAndClientEchart(org.springframework.ui.ModelMap,com.bbg.pojo.IndexWithConditionDTO)
2018-10-12 16:20:27.951  INFO 4628 --- [main] s.w.s.m.m.a.RequestMappingHandlerMapping : Mapped "{[/ajaxSelectSaleAndClient]}" onto public com.bbg.pojo.ResponseObj com.bbg.controller.SaleAndClientAction.ajaxSelectSaleAndClient(javax.servlet.http.HttpServletRequest,com.bbg.pojo.SaleAndClientRequireParam)
2018-10-12 16:20:27.951  INFO 4628 --- [main] s.w.s.m.m.a.RequestMappingHandlerMapping : Mapped "{[/ajaxSelectSaleAndClientParse]}" onto public com.bbg.pojo.ResponseObj com.bbg.controller.SaleAndClientAction.ajaxSelectSaleAndClientParse(javax.servlet.http.HttpServletRequest,com.bbg.pojo.SaleAndClientRequireParam)
2018-10-12 16:20:27.951  INFO 4628 --- [main] s.w.s.m.m.a.RequestMappingHandlerMapping : Mapped "{[/exportClientTable]}" onto public void com.bbg.controller.SaleAndClientAction.exportClientTable(javax.servlet.http.HttpServletRequest,javax.servlet.http.HttpServletResponse)
2018-10-12 16:20:27.977  INFO 4628 --- [main] s.w.s.m.m.a.RequestMappingHandlerMapping : Mapped "{[/exportClientTableThree]}" onto public void com.bbg.controller.SaleAndClientAction.exportClientTableThree(javax.servlet.http.HttpServletRequest,javax.servlet.http.HttpServletResponse)
2018-10-12 16:20:27.978  INFO 4628 --- [main] s.w.s.m.m.a.RequestMappingHandlerMapping : Mapped "{[/ajaxSelectSaleAndClientIndexTbale]}" onto public com.bbg.pojo.ResponseObj com.bbg.controller.SaleAndClientAction.ajaxSelectSaleAndClientIndexTbale(javax.servlet.http.HttpServletRequest,com.bbg.pojo.SaleAndClientRequireParam)
2018-10-12 16:20:27.980  INFO 4628 --- [main] s.w.s.m.m.a.RequestMappingHandlerMapping : Mapped "{[/ajaxSelectSaleAndClientIndexTbaleTwo]}" onto public com.bbg.pojo.ResponseObj com.bbg.controller.SaleAndClientAction.ajaxSelectSaleAndClientIndexTbaleTwo(javax.servlet.http.HttpServletRequest,com.bbg.pojo.SaleAndClientRequireParam)
2018-10-12 16:20:27.992  INFO 4628 --- [main] s.w.s.m.m.a.RequestMappingHandlerMapping : Mapped "{[/error]}" onto public org.springframework.http.ResponseEntity<java.util.Map<java.lang.String, java.lang.Object>> org.springframework.boot.autoconfigure.web.servlet.error.BasicErrorController.error(javax.servlet.http.HttpServletRequest)
2018-10-12 16:20:27.993  INFO 4628 --- [main] s.w.s.m.m.a.RequestMappingHandlerMapping : Mapped "{[/error],produces=[text/html]}" onto public org.springframework.web.servlet.ModelAndView org.springframework.boot.autoconfigure.web.servlet.error.BasicErrorController.errorHtml(javax.servlet.http.HttpServletRequest,javax.servlet.http.HttpServletResponse)
2018-10-12 16:20:28.081  INFO 4628 --- [main] o.s.w.s.handler.SimpleUrlHandlerMapping  : Mapped URL path [/webjars/**] onto handler of type [class org.springframework.web.servlet.resource.ResourceHttpRequestHandler]
2018-10-12 16:20:28.086  INFO 4628 --- [main] o.s.w.s.handler.SimpleUrlHandlerMapping  : Mapped URL path [/**] onto handler of type [class org.springframework.web.servlet.resource.ResourceHttpRequestHandler]
2018-10-12 16:20:28.478  INFO 4628 --- [main] o.s.b.a.w.s.WelcomePageHandlerMapping    : Adding welcome page template: index
2018-10-12 16:20:30.013  INFO 4628 --- [main] com.bbg.BhbiApplicationTests             : Started BhbiApplicationTests in 9.509 seconds (JVM running for 13.962)
2018-10-12 16:20:32.465  INFO 4628 --- [main] com.alibaba.druid.pool.DruidDataSource   : {dataSource-1} inited
2018-10-12 16:20:32.826  INFO 4628 --- [Thread-3] o.s.w.c.s.GenericWebApplicationContext   : Closing org.springframework.web.context.support.GenericWebApplicationContext@663c9e7a: startup date [Fri Oct 12 16:20:21 CST 2018]; root of context hierarchy
2018-10-12 16:20:32.865  INFO 4628 --- [Thread-3] com.alibaba.druid.pool.DruidDataSource   : {dataSource-1} closed
2018-10-12 16:20:46.326  INFO 1272 --- [restartedMain] com.bbg.BhbiApplication                  : Starting BhbiApplication on H1N1-PC with PID 1272 (C:\lab\bhbi-lab\target\classes started by H1N1 in C:\lab\bhbi-lab)
2018-10-12 16:20:46.328  INFO 1272 --- [restartedMain] com.bbg.BhbiApplication                  : No active profile set, falling back to default profiles: default
2018-10-12 16:20:46.409  INFO 1272 --- [restartedMain] ConfigServletWebServerApplicationContext : Refreshing org.springframework.boot.web.servlet.context.AnnotationConfigServletWebServerApplicationContext@2ee8b76d: startup date [Fri Oct 12 16:20:46 CST 2018]; root of context hierarchy
2018-10-12 16:20:48.424  INFO 1272 --- [restartedMain] o.s.b.f.s.DefaultListableBeanFactory     : Overriding bean definition for bean 'druidStatViewServlet' with a different definition: replacing [Root bean: class [null]; scope=; abstract=false; lazyInit=false; autowireMode=3; dependencyCheck=0; autowireCandidate=true; primary=false; factoryBeanName=bhbiDruidConfiguration; factoryMethodName=druidStatViewServlet; initMethodName=null; destroyMethodName=(inferred); defined in class path resource [com/bbg/config/BhbiDruidConfiguration.class]] with [Root bean: class [null]; scope=; abstract=false; lazyInit=false; autowireMode=3; dependencyCheck=0; autowireCandidate=true; primary=false; factoryBeanName=mobileoaDruidConfiguration; factoryMethodName=druidStatViewServlet; initMethodName=null; destroyMethodName=(inferred); defined in class path resource [com/bbg/config/MobileoaDruidConfiguration.class]]
2018-10-12 16:20:48.426  INFO 1272 --- [restartedMain] o.s.b.f.s.DefaultListableBeanFactory     : Overriding bean definition for bean 'druidStatFilter' with a different definition: replacing [Root bean: class [null]; scope=; abstract=false; lazyInit=false; autowireMode=3; dependencyCheck=0; autowireCandidate=true; primary=false; factoryBeanName=bhbiDruidConfiguration; factoryMethodName=druidStatFilter; initMethodName=null; destroyMethodName=(inferred); defined in class path resource [com/bbg/config/BhbiDruidConfiguration.class]] with [Root bean: class [null]; scope=; abstract=false; lazyInit=false; autowireMode=3; dependencyCheck=0; autowireCandidate=true; primary=false; factoryBeanName=mobileoaDruidConfiguration; factoryMethodName=druidStatFilter; initMethodName=null; destroyMethodName=(inferred); defined in class path resource [com/bbg/config/MobileoaDruidConfiguration.class]]
2018-10-12 16:20:50.178  INFO 1272 --- [restartedMain] o.s.b.w.embedded.tomcat.TomcatWebServer  : Tomcat initialized with port(s): 8066 (http)
2018-10-12 16:20:50.216  INFO 1272 --- [restartedMain] o.apache.catalina.core.StandardService   : Starting service [Tomcat]
2018-10-12 16:20:50.217  INFO 1272 --- [restartedMain] org.apache.catalina.core.StandardEngine  : Starting Servlet Engine: Apache Tomcat/8.5.32
2018-10-12 16:20:50.222  INFO 1272 --- [localhost-startStop-1] o.a.catalina.core.AprLifecycleListener   : The APR based Apache Tomcat Native library which allows optimal performance in production environments was not found on the java.library.path: [C:\Program Files\Java\jdk1.8.0_11\bin;C:\Windows\Sun\Java\bin;C:\Windows\system32;C:\Windows;C:\oracle\product\10.2.0\client_1\bin;C:\Windows\system32;C:\Windows;C:\Windows\System32\Wbem;C:\Windows\System32\WindowsPowerShell\v1.0\;C:\Program Files (x86)\NVIDIA Corporation\PhysX\Common;C:\Program Files\TortoiseSVN\bin;C:\Program Files\Git\cmd;C:\Program Files\nodejs\;C:\composer;C:\apache-maven-3.5.4\bin;C:\Program Files\nodejs\;C:\Users\H1N1\AppData\Roaming\npm;C:\php;C:\php\ext;C:\Users\H1N1\AppData\Roaming\Composer\vendor\bin;.]
2018-10-12 16:20:50.632  INFO 1272 --- [localhost-startStop-1] o.a.c.c.C.[Tomcat].[localhost].[/]       : Initializing Spring embedded WebApplicationContext
2018-10-12 16:20:50.632  INFO 1272 --- [localhost-startStop-1] o.s.web.context.ContextLoader            : Root WebApplicationContext: initialization completed in 4223 ms
2018-10-12 16:20:50.781  INFO 1272 --- [localhost-startStop-1] o.s.b.w.servlet.ServletRegistrationBean  : Servlet statViewServlet mapped to [/druid/*]
2018-10-12 16:20:50.783  INFO 1272 --- [localhost-startStop-1] o.s.b.w.servlet.ServletRegistrationBean  : Servlet dispatcherServlet mapped to [/]
2018-10-12 16:20:50.788  INFO 1272 --- [localhost-startStop-1] o.s.b.w.servlet.FilterRegistrationBean   : Mapping filter: 'characterEncodingFilter' to: [/*]
2018-10-12 16:20:50.789  INFO 1272 --- [localhost-startStop-1] o.s.b.w.servlet.FilterRegistrationBean   : Mapping filter: 'hiddenHttpMethodFilter' to: [/*]
2018-10-12 16:20:50.789  INFO 1272 --- [localhost-startStop-1] o.s.b.w.servlet.FilterRegistrationBean   : Mapping filter: 'httpPutFormContentFilter' to: [/*]
2018-10-12 16:20:50.790  INFO 1272 --- [localhost-startStop-1] o.s.b.w.servlet.FilterRegistrationBean   : Mapping filter: 'requestContextFilter' to: [/*]
2018-10-12 16:20:50.790  INFO 1272 --- [localhost-startStop-1] o.s.b.w.servlet.FilterRegistrationBean   : Mapping filter: 'webStatFilter' to urls: [/*]
2018-10-12 16:20:51.030 ERROR 1272 --- [restartedMain] c.a.druid.pool.DruidAbstractDataSource   : oracle.jdbc.driver.OracleDriver is deprecated.
2018-10-12 16:20:51.420 ERROR 1272 --- [restartedMain] c.a.druid.pool.DruidAbstractDataSource   : oracle.jdbc.driver.OracleDriver is deprecated.
2018-10-12 16:20:51.564  INFO 1272 --- [restartedMain] o.s.w.s.handler.SimpleUrlHandlerMapping  : Mapped URL path [/**/favicon.ico] onto handler of type [class org.springframework.web.servlet.resource.ResourceHttpRequestHandler]
2018-10-12 16:20:51.833  INFO 1272 --- [restartedMain] s.w.s.m.m.a.RequestMappingHandlerAdapter : Looking for @ControllerAdvice: org.springframework.boot.web.servlet.context.AnnotationConfigServletWebServerApplicationContext@2ee8b76d: startup date [Fri Oct 12 16:20:46 CST 2018]; root of context hierarchy
2018-10-12 16:20:51.905  INFO 1272 --- [restartedMain] s.w.s.m.m.a.RequestMappingHandlerMapping : Mapped "{[/exportFloorKll]}" onto public void com.bbg.controller.FloorClientAction.exportClientTableTwo(javax.servlet.http.HttpServletRequest,javax.servlet.http.HttpServletResponse)
2018-10-12 16:20:51.906  INFO 1272 --- [restartedMain] s.w.s.m.m.a.RequestMappingHandlerMapping : Mapped "{[/toFloorKllPage]}" onto public java.lang.String com.bbg.controller.FloorClientAction.selectSaleAndClientTable(org.springframework.ui.ModelMap)
2018-10-12 16:20:51.907  INFO 1272 --- [restartedMain] s.w.s.m.m.a.RequestMappingHandlerMapping : Mapped "{[/ajaxGetFloorClient]}" onto public com.bbg.pojo.ResponseObj com.bbg.controller.FloorClientAction.ajaxGetFloorClient(com.bbg.pojo.FloorClientParam,javax.servlet.http.HttpServletRequest)
2018-10-12 16:20:51.908  INFO 1272 --- [restartedMain] s.w.s.m.m.a.RequestMappingHandlerMapping : Mapped "{[/export]}" onto public void com.bbg.controller.SaleAndClientAction.export(javax.servlet.http.HttpServletRequest,javax.servlet.http.HttpServletResponse)
2018-10-12 16:20:51.909  INFO 1272 --- [restartedMain] s.w.s.m.m.a.RequestMappingHandlerMapping : Mapped "{[/ajaxSelectSaleAndClientIndexTbale]}" onto public com.bbg.pojo.ResponseObj com.bbg.controller.SaleAndClientAction.ajaxSelectSaleAndClientIndexTbale(javax.servlet.http.HttpServletRequest,com.bbg.pojo.SaleAndClientRequireParam)
2018-10-12 16:20:51.909  INFO 1272 --- [restartedMain] s.w.s.m.m.a.RequestMappingHandlerMapping : Mapped "{[/ajaxSelectSaleAndClientIndexTbaleTwo]}" onto public com.bbg.pojo.ResponseObj com.bbg.controller.SaleAndClientAction.ajaxSelectSaleAndClientIndexTbaleTwo(javax.servlet.http.HttpServletRequest,com.bbg.pojo.SaleAndClientRequireParam)
2018-10-12 16:20:51.909  INFO 1272 --- [restartedMain] s.w.s.m.m.a.RequestMappingHandlerMapping : Mapped "{[/exportClientTableTwo]}" onto public void com.bbg.controller.SaleAndClientAction.exportClientTableTwo(javax.servlet.http.HttpServletRequest,javax.servlet.http.HttpServletResponse)
2018-10-12 16:20:51.910  INFO 1272 --- [restartedMain] s.w.s.m.m.a.RequestMappingHandlerMapping : Mapped "{[/selectSaleAndClientTable]}" onto public java.lang.String com.bbg.controller.SaleAndClientAction.selectSaleAndClientTable(org.springframework.ui.ModelMap)
2018-10-12 16:20:51.910  INFO 1272 --- [restartedMain] s.w.s.m.m.a.RequestMappingHandlerMapping : Mapped "{[/selectSaleAndClient]}" onto public java.lang.String com.bbg.controller.SaleAndClientAction.selectSaleAndClient(org.springframework.ui.ModelMap)
2018-10-12 16:20:51.910  INFO 1272 --- [restartedMain] s.w.s.m.m.a.RequestMappingHandlerMapping : Mapped "{[/selectSaleAndClientTableTwo]}" onto public java.lang.String com.bbg.controller.SaleAndClientAction.selectSaleAndClientTableTwo(org.springframework.ui.ModelMap,com.bbg.pojo.IndexWithConditionDTO)
2018-10-12 16:20:51.911  INFO 1272 --- [restartedMain] s.w.s.m.m.a.RequestMappingHandlerMapping : Mapped "{[/selectSaleAndClientEchart]}" onto public java.lang.String com.bbg.controller.SaleAndClientAction.selectSaleAndClientEchart(org.springframework.ui.ModelMap,com.bbg.pojo.IndexWithConditionDTO)
2018-10-12 16:20:51.912  INFO 1272 --- [restartedMain] s.w.s.m.m.a.RequestMappingHandlerMapping : Mapped "{[/ajaxSelectSaleAndClient]}" onto public com.bbg.pojo.ResponseObj com.bbg.controller.SaleAndClientAction.ajaxSelectSaleAndClient(javax.servlet.http.HttpServletRequest,com.bbg.pojo.SaleAndClientRequireParam)
2018-10-12 16:20:51.912  INFO 1272 --- [restartedMain] s.w.s.m.m.a.RequestMappingHandlerMapping : Mapped "{[/ajaxSelectSaleAndClientParse]}" onto public com.bbg.pojo.ResponseObj com.bbg.controller.SaleAndClientAction.ajaxSelectSaleAndClientParse(javax.servlet.http.HttpServletRequest,com.bbg.pojo.SaleAndClientRequireParam)
2018-10-12 16:20:51.913  INFO 1272 --- [restartedMain] s.w.s.m.m.a.RequestMappingHandlerMapping : Mapped "{[/exportClientTable]}" onto public void com.bbg.controller.SaleAndClientAction.exportClientTable(javax.servlet.http.HttpServletRequest,javax.servlet.http.HttpServletResponse)
2018-10-12 16:20:51.913  INFO 1272 --- [restartedMain] s.w.s.m.m.a.RequestMappingHandlerMapping : Mapped "{[/exportClientTableThree]}" onto public void com.bbg.controller.SaleAndClientAction.exportClientTableThree(javax.servlet.http.HttpServletRequest,javax.servlet.http.HttpServletResponse)
2018-10-12 16:20:51.920  INFO 1272 --- [restartedMain] s.w.s.m.m.a.RequestMappingHandlerMapping : Mapped "{[/error]}" onto public org.springframework.http.ResponseEntity<java.util.Map<java.lang.String, java.lang.Object>> org.springframework.boot.autoconfigure.web.servlet.error.BasicErrorController.error(javax.servlet.http.HttpServletRequest)
2018-10-12 16:20:51.921  INFO 1272 --- [restartedMain] s.w.s.m.m.a.RequestMappingHandlerMapping : Mapped "{[/error],produces=[text/html]}" onto public org.springframework.web.servlet.ModelAndView org.springframework.boot.autoconfigure.web.servlet.error.BasicErrorController.errorHtml(javax.servlet.http.HttpServletRequest,javax.servlet.http.HttpServletResponse)
2018-10-12 16:20:51.969  INFO 1272 --- [restartedMain] o.s.w.s.handler.SimpleUrlHandlerMapping  : Mapped URL path [/webjars/**] onto handler of type [class org.springframework.web.servlet.resource.ResourceHttpRequestHandler]
2018-10-12 16:20:51.969  INFO 1272 --- [restartedMain] o.s.w.s.handler.SimpleUrlHandlerMapping  : Mapped URL path [/**] onto handler of type [class org.springframework.web.servlet.resource.ResourceHttpRequestHandler]
2018-10-12 16:20:52.153  INFO 1272 --- [restartedMain] o.s.b.a.w.s.WelcomePageHandlerMapping    : Adding welcome page template: index
2018-10-12 16:20:52.480  WARN 1272 --- [restartedMain] o.s.b.d.a.OptionalLiveReloadServer       : Unable to start LiveReload server
2018-10-12 16:20:52.524  INFO 1272 --- [restartedMain] o.s.j.e.a.AnnotationMBeanExporter        : Registering beans for JMX exposure on startup
2018-10-12 16:20:52.525  INFO 1272 --- [restartedMain] o.s.j.e.a.AnnotationMBeanExporter        : Bean with name 'bhbiDataSource' has been autodetected for JMX exposure
2018-10-12 16:20:52.525  INFO 1272 --- [restartedMain] o.s.j.e.a.AnnotationMBeanExporter        : Bean with name 'mobileoaDataSource' has been autodetected for JMX exposure
2018-10-12 16:20:52.533  INFO 1272 --- [restartedMain] o.s.j.e.a.AnnotationMBeanExporter        : Located MBean 'bhbiDataSource': registering with JMX server as MBean [com.alibaba.druid.pool:name=bhbiDataSource,type=DruidDataSource]
2018-10-12 16:20:52.536  INFO 1272 --- [restartedMain] o.s.j.e.a.AnnotationMBeanExporter        : Located MBean 'mobileoaDataSource': registering with JMX server as MBean [com.alibaba.druid.pool:name=mobileoaDataSource,type=DruidDataSource]
2018-10-12 16:20:52.562 ERROR 1272 --- [restartedMain] o.apache.catalina.core.StandardService   : Failed to start connector [Connector[HTTP/1.1-8066]]

org.apache.catalina.LifecycleException: Failed to start component [Connector[HTTP/1.1-8066]]
	at org.apache.catalina.util.LifecycleBase.start(LifecycleBase.java:167) ~[tomcat-embed-core-8.5.32.jar:8.5.32]
	at org.apache.catalina.core.StandardService.addConnector(StandardService.java:225) ~[tomcat-embed-core-8.5.32.jar:8.5.32]
	at org.springframework.boot.web.embedded.tomcat.TomcatWebServer.addPreviouslyRemovedConnectors(TomcatWebServer.java:256) [spring-boot-2.0.4.RELEASE.jar:2.0.4.RELEASE]
	at org.springframework.boot.web.embedded.tomcat.TomcatWebServer.start(TomcatWebServer.java:198) [spring-boot-2.0.4.RELEASE.jar:2.0.4.RELEASE]
	at org.springframework.boot.web.servlet.context.ServletWebServerApplicationContext.startWebServer(ServletWebServerApplicationContext.java:300) [spring-boot-2.0.4.RELEASE.jar:2.0.4.RELEASE]
	at org.springframework.boot.web.servlet.context.ServletWebServerApplicationContext.finishRefresh(ServletWebServerApplicationContext.java:162) [spring-boot-2.0.4.RELEASE.jar:2.0.4.RELEASE]
	at org.springframework.context.support.AbstractApplicationContext.refresh(AbstractApplicationContext.java:553) [spring-context-5.0.8.RELEASE.jar:5.0.8.RELEASE]
	at org.springframework.boot.web.servlet.context.ServletWebServerApplicationContext.refresh(ServletWebServerApplicationContext.java:140) [spring-boot-2.0.4.RELEASE.jar:2.0.4.RELEASE]
	at org.springframework.boot.SpringApplication.refresh(SpringApplication.java:762) [spring-boot-2.0.4.RELEASE.jar:2.0.4.RELEASE]
	at org.springframework.boot.SpringApplication.refreshContext(SpringApplication.java:398) [spring-boot-2.0.4.RELEASE.jar:2.0.4.RELEASE]
	at org.springframework.boot.SpringApplication.run(SpringApplication.java:330) [spring-boot-2.0.4.RELEASE.jar:2.0.4.RELEASE]
	at org.springframework.boot.SpringApplication.run(SpringApplication.java:1258) [spring-boot-2.0.4.RELEASE.jar:2.0.4.RELEASE]
	at org.springframework.boot.SpringApplication.run(SpringApplication.java:1246) [spring-boot-2.0.4.RELEASE.jar:2.0.4.RELEASE]
	at com.bbg.BhbiApplication.main(BhbiApplication.java:11) [classes/:na]
	at sun.reflect.NativeMethodAccessorImpl.invoke0(Native Method) ~[na:1.8.0_11]
	at sun.reflect.NativeMethodAccessorImpl.invoke(NativeMethodAccessorImpl.java:62) ~[na:1.8.0_11]
	at sun.reflect.DelegatingMethodAccessorImpl.invoke(DelegatingMethodAccessorImpl.java:43) ~[na:1.8.0_11]
	at java.lang.reflect.Method.invoke(Method.java:483) ~[na:1.8.0_11]
	at org.springframework.boot.devtools.restart.RestartLauncher.run(RestartLauncher.java:49) [spring-boot-devtools-2.0.4.RELEASE.jar:2.0.4.RELEASE]
Caused by: org.apache.catalina.LifecycleException: Protocol handler start failed
	at org.apache.catalina.connector.Connector.startInternal(Connector.java:1020) ~[tomcat-embed-core-8.5.32.jar:8.5.32]
	at org.apache.catalina.util.LifecycleBase.start(LifecycleBase.java:150) ~[tomcat-embed-core-8.5.32.jar:8.5.32]
	... 18 common frames omitted
Caused by: java.net.BindException: Address already in use: bind
	at sun.nio.ch.Net.bind0(Native Method) ~[na:1.8.0_11]
	at sun.nio.ch.Net.bind(Net.java:414) ~[na:1.8.0_11]
	at sun.nio.ch.Net.bind(Net.java:406) ~[na:1.8.0_11]
	at sun.nio.ch.ServerSocketChannelImpl.bind(ServerSocketChannelImpl.java:214) ~[na:1.8.0_11]
	at sun.nio.ch.ServerSocketAdaptor.bind(ServerSocketAdaptor.java:74) ~[na:1.8.0_11]
	at org.apache.tomcat.util.net.NioEndpoint.bind(NioEndpoint.java:210) ~[tomcat-embed-core-8.5.32.jar:8.5.32]
	at org.apache.tomcat.util.net.AbstractEndpoint.start(AbstractEndpoint.java:1150) ~[tomcat-embed-core-8.5.32.jar:8.5.32]
	at org.apache.coyote.AbstractProtocol.start(AbstractProtocol.java:591) ~[tomcat-embed-core-8.5.32.jar:8.5.32]
	at org.apache.catalina.connector.Connector.startInternal(Connector.java:1018) ~[tomcat-embed-core-8.5.32.jar:8.5.32]
	... 19 common frames omitted

2018-10-12 16:20:52.569  INFO 1272 --- [restartedMain] o.apache.catalina.core.StandardService   : Stopping service [Tomcat]
2018-10-12 16:20:52.653  INFO 1272 --- [restartedMain] ConditionEvaluationReportLoggingListener : 

Error starting ApplicationContext. To display the conditions report re-run your application with 'debug' enabled.
2018-10-12 16:20:52.659 ERROR 1272 --- [restartedMain] o.s.b.d.LoggingFailureAnalysisReporter   : 

***************************
APPLICATION FAILED TO START
***************************

Description:

The Tomcat connector configured to listen on port 8066 failed to start. The port may already be in use or the connector may be misconfigured.

Action:

Verify the connector's configuration, identify and stop any process that's listening on port 8066, or configure this application to listen on another port.

2018-10-12 16:20:52.661  INFO 1272 --- [restartedMain] ConfigServletWebServerApplicationContext : Closing org.springframework.boot.web.servlet.context.AnnotationConfigServletWebServerApplicationContext@2ee8b76d: startup date [Fri Oct 12 16:20:46 CST 2018]; root of context hierarchy
2018-10-12 16:20:52.664  INFO 1272 --- [restartedMain] o.s.j.e.a.AnnotationMBeanExporter        : Unregistering JMX-exposed beans on shutdown
2018-10-12 16:20:52.665  INFO 1272 --- [restartedMain] o.s.j.e.a.AnnotationMBeanExporter        : Unregistering JMX-exposed beans
2018-10-12 16:21:28.632  INFO 10228 --- [Thread-16] ConfigServletWebServerApplicationContext : Closing org.springframework.boot.web.servlet.context.AnnotationConfigServletWebServerApplicationContext@24a291c7: startup date [Fri Oct 12 16:20:15 CST 2018]; root of context hierarchy
2018-10-12 16:21:28.637  INFO 10228 --- [Thread-16] o.s.j.e.a.AnnotationMBeanExporter        : Unregistering JMX-exposed beans on shutdown
2018-10-12 16:21:28.643  INFO 10228 --- [Thread-16] o.s.j.e.a.AnnotationMBeanExporter        : Unregistering JMX-exposed beans
